CRITICAL - 2022-03-24 21:02:27 --> Invalid file: login.php
#0 /var/www/html/desafio-flash-entrega/system/View/View.php(198): CodeIgniter\Exceptions\FrameworkException::forInvalidFile()
#1 /var/www/html/desafio-flash-entrega/system/Common.php(1089): CodeIgniter\View\View->render()
#2 /var/www/html/desafio-flash-entrega/app/Controllers/Login.php(10): view()
#3 /var/www/html/desafio-flash-entrega/system/CodeIgniter.php(832): App\Controllers\Login->index()
#4 /var/www/html/desafio-flash-entrega/system/CodeIgniter.php(419): CodeIgniter\CodeIgniter->runController()
#5 /var/www/html/desafio-flash-entrega/system/CodeIgniter.php(326): CodeIgniter\CodeIgniter->handleRequest()
#6 /var/www/html/desafio-flash-entrega/public/index.php(37): CodeIgniter\CodeIgniter->run()
#7 /var/www/html/desafio-flash-entrega/system/Commands/Server/rewrite.php(43): require_once('/var/www/html/d...')
#8 {main}
CRITICAL - 2022-03-24 21:06:31 --> Invalid file: login.php
#0 /var/www/html/desafio-flash-entrega/system/View/View.php(198): CodeIgniter\Exceptions\FrameworkException::forInvalidFile()
#1 /var/www/html/desafio-flash-entrega/system/Common.php(1089): CodeIgniter\View\View->render()
#2 /var/www/html/desafio-flash-entrega/app/Controllers/Login.php(10): view()
#3 /var/www/html/desafio-flash-entrega/system/CodeIgniter.php(832): App\Controllers\Login->index()
#4 /var/www/html/desafio-flash-entrega/system/CodeIgniter.php(419): CodeIgniter\CodeIgniter->runController()
#5 /var/www/html/desafio-flash-entrega/system/CodeIgniter.php(326): CodeIgniter\CodeIgniter->handleRequest()
#6 /var/www/html/desafio-flash-entrega/public/index.php(37): CodeIgniter\CodeIgniter->run()
#7 /var/www/html/desafio-flash-entrega/system/Commands/Server/rewrite.php(43): require_once('/var/www/html/d...')
#8 {main}
CRITICAL - 2022-03-24 21:07:17 --> Invalid file: login.php
#0 /var/www/html/desafio-flash-entrega/system/View/View.php(198): CodeIgniter\Exceptions\FrameworkException::forInvalidFile()
#1 /var/www/html/desafio-flash-entrega/system/Common.php(1089): CodeIgniter\View\View->render()
#2 /var/www/html/desafio-flash-entrega/app/Controllers/Login.php(10): view()
#3 /var/www/html/desafio-flash-entrega/system/CodeIgniter.php(832): App\Controllers\Login->index()
#4 /var/www/html/desafio-flash-entrega/system/CodeIgniter.php(419): CodeIgniter\CodeIgniter->runController()
#5 /var/www/html/desafio-flash-entrega/system/CodeIgniter.php(326): CodeIgniter\CodeIgniter->handleRequest()
#6 /var/www/html/desafio-flash-entrega/public/index.php(37): CodeIgniter\CodeIgniter->run()
#7 /var/www/html/desafio-flash-entrega/system/Commands/Server/rewrite.php(43): require_once('/var/www/html/d...')
#8 {main}
CRITICAL - 2022-03-24 21:35:45 --> syntax error, unexpected 'echo' (T_ECHO), expecting ';' or ','
#0 /var/www/html/desafio-flash-entrega/system/Autoloader/Autoloader.php(241): CodeIgniter\Autoloader\Autoloader->includeFile()
#1 /var/www/html/desafio-flash-entrega/system/Autoloader/Autoloader.php(219): CodeIgniter\Autoloader\Autoloader->loadInNamespace()
#2 [internal function]: CodeIgniter\Autoloader\Autoloader->loadClass()
#3 [internal function]: spl_autoload_call()
#4 /var/www/html/desafio-flash-entrega/system/CodeIgniter.php(797): class_exists()
#5 /var/www/html/desafio-flash-entrega/system/CodeIgniter.php(406): CodeIgniter\CodeIgniter->startController()
#6 /var/www/html/desafio-flash-entrega/system/CodeIgniter.php(326): CodeIgniter\CodeIgniter->handleRequest()
#7 /var/www/html/desafio-flash-entrega/public/index.php(37): CodeIgniter\CodeIgniter->run()
#8 /var/www/html/desafio-flash-entrega/system/Commands/Server/rewrite.php(43): require_once('/var/www/html/d...')
#9 {main}
CRITICAL - 2022-03-24 21:35:54 --> Invalid file: login.php
#0 /var/www/html/desafio-flash-entrega/system/View/View.php(198): CodeIgniter\Exceptions\FrameworkException::forInvalidFile()
#1 /var/www/html/desafio-flash-entrega/system/Common.php(1089): CodeIgniter\View\View->render()
#2 /var/www/html/desafio-flash-entrega/app/Controllers/Login.php(10): view()
#3 /var/www/html/desafio-flash-entrega/system/CodeIgniter.php(832): App\Controllers\Login->index()
#4 /var/www/html/desafio-flash-entrega/system/CodeIgniter.php(419): CodeIgniter\CodeIgniter->runController()
#5 /var/www/html/desafio-flash-entrega/system/CodeIgniter.php(326): CodeIgniter\CodeIgniter->handleRequest()
#6 /var/www/html/desafio-flash-entrega/public/index.php(37): CodeIgniter\CodeIgniter->run()
#7 /var/www/html/desafio-flash-entrega/system/Commands/Server/rewrite.php(43): require_once('/var/www/html/d...')
#8 {main}
CRITICAL - 2022-03-24 21:42:17 --> Use of undefined constant assets - assumed 'assets' (this will throw an Error in a future version of PHP)
#0 /var/www/html/desafio-flash-entrega/app/Views/pages/login.php(3): CodeIgniter\Debug\Exceptions->errorHandler()
#1 /var/www/html/desafio-flash-entrega/system/View/View.php(210): include('/var/www/html/d...')
#2 /var/www/html/desafio-flash-entrega/system/View/View.php(213): CodeIgniter\View\View->CodeIgniter\View\{closure}()
#3 /var/www/html/desafio-flash-entrega/system/Common.php(1089): CodeIgniter\View\View->render()
#4 /var/www/html/desafio-flash-entrega/app/Controllers/Login.php(10): view()
#5 /var/www/html/desafio-flash-entrega/system/CodeIgniter.php(832): App\Controllers\Login->index()
#6 /var/www/html/desafio-flash-entrega/system/CodeIgniter.php(419): CodeIgniter\CodeIgniter->runController()
#7 /var/www/html/desafio-flash-entrega/system/CodeIgniter.php(326): CodeIgniter\CodeIgniter->handleRequest()
#8 /var/www/html/desafio-flash-entrega/public/index.php(37): CodeIgniter\CodeIgniter->run()
#9 /var/www/html/desafio-flash-entrega/system/Commands/Server/rewrite.php(43): require_once('/var/www/html/d...')
#10 {main}
CRITICAL - 2022-03-24 21:42:22 --> Use of undefined constant assets - assumed 'assets' (this will throw an Error in a future version of PHP)
#0 /var/www/html/desafio-flash-entrega/app/Views/pages/login.php(3): CodeIgniter\Debug\Exceptions->errorHandler()
#1 /var/www/html/desafio-flash-entrega/system/View/View.php(210): include('/var/www/html/d...')
#2 /var/www/html/desafio-flash-entrega/system/View/View.php(213): CodeIgniter\View\View->CodeIgniter\View\{closure}()
#3 /var/www/html/desafio-flash-entrega/system/Common.php(1089): CodeIgniter\View\View->render()
#4 /var/www/html/desafio-flash-entrega/app/Controllers/Login.php(10): view()
#5 /var/www/html/desafio-flash-entrega/system/CodeIgniter.php(832): App\Controllers\Login->index()
#6 /var/www/html/desafio-flash-entrega/system/CodeIgniter.php(419): CodeIgniter\CodeIgniter->runController()
#7 /var/www/html/desafio-flash-entrega/system/CodeIgniter.php(326): CodeIgniter\CodeIgniter->handleRequest()
#8 /var/www/html/desafio-flash-entrega/public/index.php(37): CodeIgniter\CodeIgniter->run()
#9 /var/www/html/desafio-flash-entrega/system/Commands/Server/rewrite.php(43): require_once('/var/www/html/d...')
#10 {main}
CRITICAL - 2022-03-24 23:27:58 --> Class 'App\Controllers\UsersModel' not found
#0 /var/www/html/desafio-flash-entrega/system/CodeIgniter.php(832): App\Controllers\Login->signIn()
#1 /var/www/html/desafio-flash-entrega/system/CodeIgniter.php(419): CodeIgniter\CodeIgniter->runController()
#2 /var/www/html/desafio-flash-entrega/system/CodeIgniter.php(326): CodeIgniter\CodeIgniter->handleRequest()
#3 /var/www/html/desafio-flash-entrega/public/index.php(37): CodeIgniter\CodeIgniter->run()
#4 /var/www/html/desafio-flash-entrega/system/Commands/Server/rewrite.php(43): require_once('/var/www/html/d...')
#5 {main}
CRITICAL - 2022-03-24 23:28:43 --> Class 'App\Controllers\UsersModel' not found
#0 /var/www/html/desafio-flash-entrega/system/CodeIgniter.php(832): App\Controllers\Login->signIn()
#1 /var/www/html/desafio-flash-entrega/system/CodeIgniter.php(419): CodeIgniter\CodeIgniter->runController()
#2 /var/www/html/desafio-flash-entrega/system/CodeIgniter.php(326): CodeIgniter\CodeIgniter->handleRequest()
#3 /var/www/html/desafio-flash-entrega/public/index.php(37): CodeIgniter\CodeIgniter->run()
#4 /var/www/html/desafio-flash-entrega/system/Commands/Server/rewrite.php(43): require_once('/var/www/html/d...')
#5 {main}
CRITICAL - 2022-03-24 23:28:58 --> Class 'App\Controllers\UsersModel' not found
#0 /var/www/html/desafio-flash-entrega/system/CodeIgniter.php(832): App\Controllers\Login->signIn()
#1 /var/www/html/desafio-flash-entrega/system/CodeIgniter.php(419): CodeIgniter\CodeIgniter->runController()
#2 /var/www/html/desafio-flash-entrega/system/CodeIgniter.php(326): CodeIgniter\CodeIgniter->handleRequest()
#3 /var/www/html/desafio-flash-entrega/public/index.php(37): CodeIgniter\CodeIgniter->run()
#4 /var/www/html/desafio-flash-entrega/system/Commands/Server/rewrite.php(43): require_once('/var/www/html/d...')
#5 {main}
ERROR - 2022-03-24 23:29:24 --> Error connecting to the database: Unknown database 'flash_entregas'
CRITICAL - 2022-03-24 23:29:24 --> Unable to connect to the database.
Main connection [MySQLi]: Unknown database 'flash_entregas'
#0 /var/www/html/desafio-flash-entrega/system/Database/BaseConnection.php(577): CodeIgniter\Database\BaseConnection->initialize()
#1 /var/www/html/desafio-flash-entrega/system/Database/BaseBuilder.php(1455): CodeIgniter\Database\BaseConnection->query()
#2 /var/www/html/desafio-flash-entrega/system/Model.php(210): CodeIgniter\Database\BaseBuilder->get()
#3 /var/www/html/desafio-flash-entrega/system/BaseModel.php(622): CodeIgniter\Model->doFirst()
#4 /var/www/html/desafio-flash-entrega/app/Models/LoginModel.php(35): CodeIgniter\BaseModel->first()
#5 /var/www/html/desafio-flash-entrega/app/Controllers/Login.php(18): App\Models\LoginModel->getByEmail()
#6 /var/www/html/desafio-flash-entrega/system/CodeIgniter.php(832): App\Controllers\Login->signIn()
#7 /var/www/html/desafio-flash-entrega/system/CodeIgniter.php(419): CodeIgniter\CodeIgniter->runController()
#8 /var/www/html/desafio-flash-entrega/system/CodeIgniter.php(326): CodeIgniter\CodeIgniter->handleRequest()
#9 /var/www/html/desafio-flash-entrega/public/index.php(37): CodeIgniter\CodeIgniter->run()
#10 /var/www/html/desafio-flash-entrega/system/Commands/Server/rewrite.php(43): require_once('/var/www/html/d...')
#11 {main}
CRITICAL - 2022-03-24 23:31:26 --> Class 'CodeIgniter\Database\MySQL\Connection' not found
#0 /var/www/html/desafio-flash-entrega/system/Database/Database.php(56): CodeIgniter\Database\Database->initDriver()
#1 /var/www/html/desafio-flash-entrega/system/Database/Config.php(78): CodeIgniter\Database\Database->load()
#2 /var/www/html/desafio-flash-entrega/system/Model.php(97): CodeIgniter\Database\Config::connect()
#3 /var/www/html/desafio-flash-entrega/app/Controllers/Login.php(17): CodeIgniter\Model->__construct()
#4 /var/www/html/desafio-flash-entrega/system/CodeIgniter.php(832): App\Controllers\Login->signIn()
#5 /var/www/html/desafio-flash-entrega/system/CodeIgniter.php(419): CodeIgniter\CodeIgniter->runController()
#6 /var/www/html/desafio-flash-entrega/system/CodeIgniter.php(326): CodeIgniter\CodeIgniter->handleRequest()
#7 /var/www/html/desafio-flash-entrega/public/index.php(37): CodeIgniter\CodeIgniter->run()
#8 /var/www/html/desafio-flash-entrega/system/Commands/Server/rewrite.php(43): require_once('/var/www/html/d...')
#9 {main}
CRITICAL - 2022-03-24 23:31:37 --> Class 'CodeIgniter\Database\MySQL\Connection' not found
#0 /var/www/html/desafio-flash-entrega/system/Database/Database.php(56): CodeIgniter\Database\Database->initDriver()
#1 /var/www/html/desafio-flash-entrega/system/Database/Config.php(78): CodeIgniter\Database\Database->load()
#2 /var/www/html/desafio-flash-entrega/system/Model.php(97): CodeIgniter\Database\Config::connect()
#3 /var/www/html/desafio-flash-entrega/app/Controllers/Login.php(17): CodeIgniter\Model->__construct()
#4 /var/www/html/desafio-flash-entrega/system/CodeIgniter.php(832): App\Controllers\Login->signIn()
#5 /var/www/html/desafio-flash-entrega/system/CodeIgniter.php(419): CodeIgniter\CodeIgniter->runController()
#6 /var/www/html/desafio-flash-entrega/system/CodeIgniter.php(326): CodeIgniter\CodeIgniter->handleRequest()
#7 /var/www/html/desafio-flash-entrega/public/index.php(37): CodeIgniter\CodeIgniter->run()
#8 /var/www/html/desafio-flash-entrega/system/Commands/Server/rewrite.php(43): require_once('/var/www/html/d...')
#9 {main}
ERROR - 2022-03-24 23:35:20 --> Error connecting to the database: Unknown database 'flash_entregas'
CRITICAL - 2022-03-24 23:35:20 --> Unable to connect to the database.
Main connection [MySQLi]: Unknown database 'flash_entregas'
#0 /var/www/html/desafio-flash-entrega/system/Database/BaseConnection.php(577): CodeIgniter\Database\BaseConnection->initialize()
#1 /var/www/html/desafio-flash-entrega/system/Database/BaseBuilder.php(1455): CodeIgniter\Database\BaseConnection->query()
#2 /var/www/html/desafio-flash-entrega/system/Model.php(210): CodeIgniter\Database\BaseBuilder->get()
#3 /var/www/html/desafio-flash-entrega/system/BaseModel.php(622): CodeIgniter\Model->doFirst()
#4 /var/www/html/desafio-flash-entrega/app/Models/LoginModel.php(35): CodeIgniter\BaseModel->first()
#5 /var/www/html/desafio-flash-entrega/app/Controllers/Login.php(18): App\Models\LoginModel->getByEmail()
#6 /var/www/html/desafio-flash-entrega/system/CodeIgniter.php(832): App\Controllers\Login->signIn()
#7 /var/www/html/desafio-flash-entrega/system/CodeIgniter.php(419): CodeIgniter\CodeIgniter->runController()
#8 /var/www/html/desafio-flash-entrega/system/CodeIgniter.php(326): CodeIgniter\CodeIgniter->handleRequest()
#9 /var/www/html/desafio-flash-entrega/public/index.php(37): CodeIgniter\CodeIgniter->run()
#10 /var/www/html/desafio-flash-entrega/system/Commands/Server/rewrite.php(43): require_once('/var/www/html/d...')
#11 {main}
ERROR - 2022-03-24 23:36:32 --> Table 'empresaXYN.users' doesn't exist
CRITICAL - 2022-03-24 23:36:32 --> Table 'empresaXYN.users' doesn't exist
#0 /var/www/html/desafio-flash-entrega/system/Database/MySQLi/Connection.php(292): mysqli->query()
#1 /var/www/html/desafio-flash-entrega/system/Database/BaseConnection.php(670): CodeIgniter\Database\MySQLi\Connection->execute()
#2 /var/www/html/desafio-flash-entrega/system/Database/BaseConnection.php(598): CodeIgniter\Database\BaseConnection->simpleQuery()
#3 /var/www/html/desafio-flash-entrega/system/Database/BaseBuilder.php(1455): CodeIgniter\Database\BaseConnection->query()
#4 /var/www/html/desafio-flash-entrega/system/Model.php(210): CodeIgniter\Database\BaseBuilder->get()
#5 /var/www/html/desafio-flash-entrega/system/BaseModel.php(622): CodeIgniter\Model->doFirst()
#6 /var/www/html/desafio-flash-entrega/app/Models/LoginModel.php(35): CodeIgniter\BaseModel->first()
#7 /var/www/html/desafio-flash-entrega/app/Controllers/Login.php(18): App\Models\LoginModel->getByEmail()
#8 /var/www/html/desafio-flash-entrega/system/CodeIgniter.php(832): App\Controllers\Login->signIn()
#9 /var/www/html/desafio-flash-entrega/system/CodeIgniter.php(419): CodeIgniter\CodeIgniter->runController()
#10 /var/www/html/desafio-flash-entrega/system/CodeIgniter.php(326): CodeIgniter\CodeIgniter->handleRequest()
#11 /var/www/html/desafio-flash-entrega/public/index.php(37): CodeIgniter\CodeIgniter->run()
#12 /var/www/html/desafio-flash-entrega/system/Commands/Server/rewrite.php(43): require_once('/var/www/html/d...')
#13 {main}
ERROR - 2022-03-24 23:36:53 --> Error connecting to the database: Unknown database 'flash_entregas'
CRITICAL - 2022-03-24 23:36:53 --> Unable to connect to the database.
Main connection [MySQLi]: Unknown database 'flash_entregas'
#0 /var/www/html/desafio-flash-entrega/system/Database/BaseConnection.php(577): CodeIgniter\Database\BaseConnection->initialize()
#1 /var/www/html/desafio-flash-entrega/system/Database/BaseBuilder.php(1455): CodeIgniter\Database\BaseConnection->query()
#2 /var/www/html/desafio-flash-entrega/system/Model.php(210): CodeIgniter\Database\BaseBuilder->get()
#3 /var/www/html/desafio-flash-entrega/system/BaseModel.php(622): CodeIgniter\Model->doFirst()
#4 /var/www/html/desafio-flash-entrega/app/Models/LoginModel.php(35): CodeIgniter\BaseModel->first()
#5 /var/www/html/desafio-flash-entrega/app/Controllers/Login.php(18): App\Models\LoginModel->getByEmail()
#6 /var/www/html/desafio-flash-entrega/system/CodeIgniter.php(832): App\Controllers\Login->signIn()
#7 /var/www/html/desafio-flash-entrega/system/CodeIgniter.php(419): CodeIgniter\CodeIgniter->runController()
#8 /var/www/html/desafio-flash-entrega/system/CodeIgniter.php(326): CodeIgniter\CodeIgniter->handleRequest()
#9 /var/www/html/desafio-flash-entrega/public/index.php(37): CodeIgniter\CodeIgniter->run()
#10 /var/www/html/desafio-flash-entrega/system/Commands/Server/rewrite.php(43): require_once('/var/www/html/d...')
#11 {main}
CRITICAL - 2022-03-24 23:38:50 --> Invalid file: home.php
#0 /var/www/html/desafio-flash-entrega/system/View/View.php(198): CodeIgniter\Exceptions\FrameworkException::forInvalidFile()
#1 /var/www/html/desafio-flash-entrega/system/Common.php(1089): CodeIgniter\View\View->render()
#2 /var/www/html/desafio-flash-entrega/app/Controllers/Login.php(27): view()
#3 /var/www/html/desafio-flash-entrega/system/CodeIgniter.php(832): App\Controllers\Login->signIn()
#4 /var/www/html/desafio-flash-entrega/system/CodeIgniter.php(419): CodeIgniter\CodeIgniter->runController()
#5 /var/www/html/desafio-flash-entrega/system/CodeIgniter.php(326): CodeIgniter\CodeIgniter->handleRequest()
#6 /var/www/html/desafio-flash-entrega/public/index.php(37): CodeIgniter\CodeIgniter->run()
#7 /var/www/html/desafio-flash-entrega/system/Commands/Server/rewrite.php(43): require_once('/var/www/html/d...')
#8 {main}
CRITICAL - 2022-03-24 23:40:20 --> Invalid file: home.php
#0 /var/www/html/desafio-flash-entrega/system/View/View.php(198): CodeIgniter\Exceptions\FrameworkException::forInvalidFile()
#1 /var/www/html/desafio-flash-entrega/system/Common.php(1089): CodeIgniter\View\View->render()
#2 /var/www/html/desafio-flash-entrega/app/Controllers/Login.php(27): view()
#3 /var/www/html/desafio-flash-entrega/system/CodeIgniter.php(832): App\Controllers\Login->signIn()
#4 /var/www/html/desafio-flash-entrega/system/CodeIgniter.php(419): CodeIgniter\CodeIgniter->runController()
#5 /var/www/html/desafio-flash-entrega/system/CodeIgniter.php(326): CodeIgniter\CodeIgniter->handleRequest()
#6 /var/www/html/desafio-flash-entrega/public/index.php(37): CodeIgniter\CodeIgniter->run()
#7 /var/www/html/desafio-flash-entrega/system/Commands/Server/rewrite.php(43): require_once('/var/www/html/d...')
#8 {main}
CRITICAL - 2022-03-24 23:41:46 --> Argument 1 passed to App\Models\LoginModel::getByEmail() must be of the type string, null given, called in /var/www/html/desafio-flash-entrega/app/Controllers/Login.php on line 18
#0 /var/www/html/desafio-flash-entrega/app/Controllers/Login.php(18): App\Models\LoginModel->getByEmail()
#1 /var/www/html/desafio-flash-entrega/system/CodeIgniter.php(832): App\Controllers\Login->signIn()
#2 /var/www/html/desafio-flash-entrega/system/CodeIgniter.php(419): CodeIgniter\CodeIgniter->runController()
#3 /var/www/html/desafio-flash-entrega/system/CodeIgniter.php(326): CodeIgniter\CodeIgniter->handleRequest()
#4 /var/www/html/desafio-flash-entrega/public/index.php(37): CodeIgniter\CodeIgniter->run()
#5 /var/www/html/desafio-flash-entrega/system/Commands/Server/rewrite.php(43): require_once('/var/www/html/d...')
#6 {main}
